<?xml version="1.0" encoding="UTF-8" ?>
<testsuite tests="8" failures="0" name="com.origamisoftware.teach.advanced.services.DatabaseStockServiceTest" time="5.998" errors="8" skipped="0">
  <properties>
    <property name="java.runtime.name" value="Java(TM) SE Runtime Environment"/>
    <property name="sun.boot.library.path" value="C:\Program Files\Java\jdk1.8.0_171\jre\bin"/>
    <property name="java.vm.version" value="25.171-b11"/>
    <property name="java.vm.vendor" value="Oracle Corporation"/>
    <property name="maven.multiModuleProjectDirectory" value="C:\Users\Nidhoggr\documents\github\rcohn-info3030"/>
    <property name="java.vendor.url" value="http://java.oracle.com/"/>
    <property name="path.separator" value=";"/>
    <property name="guice.disable.misplaced.annotation.check" value="true"/>
    <property name="java.vm.name" value="Java HotSpot(TM) 64-Bit Server VM"/>
    <property name="file.encoding.pkg" value="sun.io"/>
    <property name="user.script" value=""/>
    <property name="user.country" value="US"/>
    <property name="sun.java.launcher" value="SUN_STANDARD"/>
    <property name="sun.os.patch.level" value=""/>
    <property name="java.vm.specification.name" value="Java Virtual Machine Specification"/>
    <property name="user.dir" value="C:\Users\Nidhoggr\Documents\GitHub\rcohn-info3030"/>
    <property name="java.runtime.version" value="1.8.0_171-b11"/>
    <property name="java.awt.graphicsenv" value="sun.awt.Win32GraphicsEnvironment"/>
    <property name="java.endorsed.dirs" value="C:\Program Files\Java\jdk1.8.0_171\jre\lib\endorsed"/>
    <property name="os.arch" value="amd64"/>
    <property name="java.io.tmpdir" value="C:\WINDOWS\TEMP\"/>
    <property name="line.separator" value="
"/>
    <property name="java.vm.specification.vendor" value="Oracle Corporation"/>
    <property name="user.variant" value=""/>
    <property name="os.name" value="Windows 10"/>
    <property name="classworlds.conf" value="C:\Users\Nidhoggr\apache-maven-3.5.3\bin\..\bin\m2.conf"/>
    <property name="sun.jnu.encoding" value="MS932"/>
    <property name="java.library.path" value="C:\Program Files\Java\jdk1.8.0_171\bin;C:\WINDOWS\Sun\Java\bin;C:\WINDOWS\system32;C:\WINDOWS;C:\Program Files\Java\jdk1.8.0_171\bin;C:\Program Files\MySQL\MySQL Server 8.0\bin;C:\Program Files (x86)\AMD APP\bin\x86_64;C:\Program Files (x86)\AMD APP\bin\x86;C:\Program Files\Common Files\Microsoft Shared\Windows Live;C:\Program Files (x86)\Common Files\Microsoft Shared\Windows Live;C:\WINDOWS\system32;C:\WINDOWS;C:\WINDOWS\System32\Wbem;C:\WINDOWS\System32\WindowsPowerShell\v1.0\;C:\Program Files (x86)\ATI Technologies\ATI.ACE\Core-Static;C:\Program Files (x86)\Windows Live\Shared;C:\Program Files (x86)\Livestreamer;C:\Program Files (x86)\AMD\ATI.ACE\Core-Static;C:\WINDOWS\system32\config\systemprofile\.dnx\bin;C:\Program Files\Microsoft DNX\Dnvm\;C:\Program Files\Microsoft SQL Server\130\Tools\Binn\;C:\Program Files (x86)\Skype\Phone\;C:\Program Files\Calibre2\;C:\WINDOWS\System32\OpenSSH\;C:\Users\Nidhoggr\apache-maven-3.5.3\bin;C:\Users\Nidhoggr\AppData\Local\GitHubDesktop\bin;C:\Users\Nidhoggr\AppData\Local\atom\bin;."/>
    <property name="maven.conf" value="C:\Users\Nidhoggr\apache-maven-3.5.3\bin\../conf"/>
    <property name="java.specification.name" value="Java Platform API Specification"/>
    <property name="java.class.version" value="52.0"/>
    <property name="sun.management.compiler" value="HotSpot 64-Bit Tiered Compilers"/>
    <property name="os.version" value="10.0"/>
    <property name="library.jansi.path" value="C:\Users\Nidhoggr\apache-maven-3.5.3\bin\..\lib\jansi-native"/>
    <property name="user.home" value="C:\Users\Nidhoggr"/>
    <property name="user.timezone" value="America/New_York"/>
    <property name="java.awt.printerjob" value="sun.awt.windows.WPrinterJob"/>
    <property name="java.specification.version" value="1.8"/>
    <property name="file.encoding" value="MS932"/>
    <property name="user.name" value="Nidhoggr"/>
    <property name="java.class.path" value="C:\Users\Nidhoggr\apache-maven-3.5.3\bin\..\boot\plexus-classworlds-2.5.2.jar"/>
    <property name="java.vm.specification.version" value="1.8"/>
    <property name="sun.arch.data.model" value="64"/>
    <property name="java.home" value="C:\Program Files\Java\jdk1.8.0_171\jre"/>
    <property name="sun.java.command" value="org.codehaus.plexus.classworlds.launcher.Launcher test"/>
    <property name="java.specification.vendor" value="Oracle Corporation"/>
    <property name="user.language" value="en"/>
    <property name="awt.toolkit" value="sun.awt.windows.WToolkit"/>
    <property name="java.vm.info" value="mixed mode"/>
    <property name="java.version" value="1.8.0_171"/>
    <property name="java.ext.dirs" value="C:\Program Files\Java\jdk1.8.0_171\jre\lib\ext;C:\WINDOWS\Sun\Java\lib\ext"/>
    <property name="sun.boot.class.path" value="C:\Program Files\Java\jdk1.8.0_171\jre\lib\resources.jar;C:\Program Files\Java\jdk1.8.0_171\jre\lib\rt.jar;C:\Program Files\Java\jdk1.8.0_171\jre\lib\sunrsasign.jar;C:\Program Files\Java\jdk1.8.0_171\jre\lib\jsse.jar;C:\Program Files\Java\jdk1.8.0_171\jre\lib\jce.jar;C:\Program Files\Java\jdk1.8.0_171\jre\lib\charsets.jar;C:\Program Files\Java\jdk1.8.0_171\jre\lib\jfr.jar;C:\Program Files\Java\jdk1.8.0_171\jre\classes"/>
    <property name="sun.stderr.encoding" value="ms932"/>
    <property name="java.vendor" value="Oracle Corporation"/>
    <property name="maven.home" value="C:\Users\Nidhoggr\apache-maven-3.5.3\bin\.."/>
    <property name="file.separator" value="\"/>
    <property name="java.vendor.url.bug" value="http://bugreport.sun.com/bugreport/"/>
    <property name="sun.cpu.endian" value="little"/>
    <property name="sun.io.unicode.encoding" value="UnicodeLittle"/>
    <property name="sun.stdout.encoding" value="ms932"/>
    <property name="sun.desktop" value="windows"/>
    <property name="sun.cpu.isalist" value="amd64"/>
  </properties>
  <testcase classname="com.origamisoftware.teach.advanced.services.DatabaseStockServiceTest" name="testGetQuote" time="0.473">
    <error message="SQL init script contained errors:Error executing: DROP TABLE IF IT EXISTS person CASCADE 
java.sql.SQLSyntaxErrorException: You have an error in your SQL syntax; check the manual that corresponds to your MySQL server version for the right syntax to use near &apos;IT EXISTS person CASCADE&apos; at line 1
Error executing: DROP TABLE IF IT EXISTS portfolio CASCADE 
java.sql.SQLSyntaxErrorException: You have an error in your SQL syntax; check the manual that corresponds to your MySQL server version for the right syntax to use near &apos;IT EXISTS portfolio CASCADE&apos; at line 1
Error executing: CREATE TABLE portfolio ( 	id INT NOT NULL AUTO_INCREMENT, 	person_id INT NOT NULL, 	quotes_id INT NOT NULL, 	FOREIGN KEY ( person_id ) REFERENCES person ( id ) 	FOREIGN KEY ( quotes_id ) REFERENCES quotes ( id ) 	PRIMARY KEY ( id ) ) 
java.sql.SQLSyntaxErrorException: You have an error in your SQL syntax; check the manual that corresponds to your MySQL server version for the right syntax to use near &apos;FOREIGN KEY ( quotes_id ) REFERENCES quotes ( id ) 	PRIMARY KEY ( id ) )&apos; at line 1
Error executing: INSERT INTO quotes (symbol,time,price) VALUES (&apos;GOOG&apos;,&apos;2004-08-19 00:00:01&apos;,&apos;85.00&apos;) 
java.sql.SQLSyntaxErrorException: Table &apos;stocks.quotes&apos; doesn&apos;t exist
Error executing: INSERT INTO quotes (symbol,time,price) VALUES (&apos;GOOG&apos;,&apos;2015-02-03 00:00:01&apos;,&apos;527.35&apos;) 
java.sql.SQLSyntaxErrorException: Table &apos;stocks.quotes&apos; doesn&apos;t exist
Error executing: INSERT INTO quotes (symbol,time,price) VALUES (&apos;APPL&apos;,&apos;2000-01-01 00:00:01&apos;,&apos;118.27&apos;) 
java.sql.SQLSyntaxErrorException: Table &apos;stocks.quotes&apos; doesn&apos;t exist
Error executing: INSERT INTO quotes (symbol,time,price) VALUES (&apos;AMZN&apos;,&apos;2015-02-03 00:00:01&apos;,&apos;363.21&apos;) 
java.sql.SQLSyntaxErrorException: Table &apos;stocks.quotes&apos; doesn&apos;t exist
" type="com.origamisoftware.teach.advanced.util.DatabaseInitializationException">com.origamisoftware.teach.advanced.util.DatabaseInitializationException: SQL init script contained errors:Error executing: DROP TABLE IF IT EXISTS person CASCADE 
java.sql.SQLSyntaxErrorException: You have an error in your SQL syntax; check the manual that corresponds to your MySQL server version for the right syntax to use near &apos;IT EXISTS person CASCADE&apos; at line 1
Error executing: DROP TABLE IF IT EXISTS portfolio CASCADE 
java.sql.SQLSyntaxErrorException: You have an error in your SQL syntax; check the manual that corresponds to your MySQL server version for the right syntax to use near &apos;IT EXISTS portfolio CASCADE&apos; at line 1
Error executing: CREATE TABLE portfolio ( 	id INT NOT NULL AUTO_INCREMENT, 	person_id INT NOT NULL, 	quotes_id INT NOT NULL, 	FOREIGN KEY ( person_id ) REFERENCES person ( id ) 	FOREIGN KEY ( quotes_id ) REFERENCES quotes ( id ) 	PRIMARY KEY ( id ) ) 
java.sql.SQLSyntaxErrorException: You have an error in your SQL syntax; check the manual that corresponds to your MySQL server version for the right syntax to use near &apos;FOREIGN KEY ( quotes_id ) REFERENCES quotes ( id ) 	PRIMARY KEY ( id ) )&apos; at line 1
Error executing: INSERT INTO quotes (symbol,time,price) VALUES (&apos;GOOG&apos;,&apos;2004-08-19 00:00:01&apos;,&apos;85.00&apos;) 
java.sql.SQLSyntaxErrorException: Table &apos;stocks.quotes&apos; doesn&apos;t exist
Error executing: INSERT INTO quotes (symbol,time,price) VALUES (&apos;GOOG&apos;,&apos;2015-02-03 00:00:01&apos;,&apos;527.35&apos;) 
java.sql.SQLSyntaxErrorException: Table &apos;stocks.quotes&apos; doesn&apos;t exist
Error executing: INSERT INTO quotes (symbol,time,price) VALUES (&apos;APPL&apos;,&apos;2000-01-01 00:00:01&apos;,&apos;118.27&apos;) 
java.sql.SQLSyntaxErrorException: Table &apos;stocks.quotes&apos; doesn&apos;t exist
Error executing: INSERT INTO quotes (symbol,time,price) VALUES (&apos;AMZN&apos;,&apos;2015-02-03 00:00:01&apos;,&apos;363.21&apos;) 
java.sql.SQLSyntaxErrorException: Table &apos;stocks.quotes&apos; doesn&apos;t exist

	at com.origamisoftware.teach.advanced.util.DatabaseUtils.initializeDatabase(DatabaseUtils.java:105)
	at com.origamisoftware.teach.advanced.services.DatabaseServiceTest.setUp(DatabaseServiceTest.java:18)
	at com.origamisoftware.teach.advanced.services.DatabaseStockServiceTest.setUp(DatabaseStockServiceTest.java:31)
	at sun.reflect.NativeMethodAccessorImpl.invoke0(Native Method)
	at sun.reflect.NativeMethodAccessorImpl.invoke(NativeMethodAccessorImpl.java:62)
	at sun.reflect.DelegatingMethodAccessorImpl.invoke(DelegatingMethodAccessorImpl.java:43)
	at java.lang.reflect.Method.invoke(Method.java:498)
	at org.junit.runners.model.FrameworkMethod$1.runReflectiveCall(FrameworkMethod.java:45)
	at org.junit.internal.runners.model.ReflectiveCallable.run(ReflectiveCallable.java:15)
	at org.junit.runners.model.FrameworkMethod.invokeExplosively(FrameworkMethod.java:42)
	at org.junit.internal.runners.statements.RunBefores.evaluate(RunBefores.java:27)
	at org.junit.internal.runners.statements.RunAfters.evaluate(RunAfters.java:30)
	at org.junit.runners.ParentRunner.runLeaf(ParentRunner.java:263)
	at org.junit.runners.BlockJUnit4ClassRunner.runChild(BlockJUnit4ClassRunner.java:68)
	at org.junit.runners.BlockJUnit4ClassRunner.runChild(BlockJUnit4ClassRunner.java:47)
	at org.junit.runners.ParentRunner$3.run(ParentRunner.java:231)
	at org.junit.runners.ParentRunner$1.schedule(ParentRunner.java:60)
	at org.junit.runners.ParentRunner.runChildren(ParentRunner.java:229)
	at org.junit.runners.ParentRunner.access$000(ParentRunner.java:50)
	at org.junit.runners.ParentRunner$2.evaluate(ParentRunner.java:222)
	at org.junit.runners.ParentRunner.run(ParentRunner.java:300)
	at org.apache.maven.surefire.junit4.JUnit4Provider.execute(JUnit4Provider.java:252)
	at org.apache.maven.surefire.junit4.JUnit4Provider.executeTestSet(JUnit4Provider.java:141)
	at org.apache.maven.surefire.junit4.JUnit4Provider.invoke(JUnit4Provider.java:112)
	at sun.reflect.NativeMethodAccessorImpl.invoke0(Native Method)
	at sun.reflect.NativeMethodAccessorImpl.invoke(NativeMethodAccessorImpl.java:62)
	at sun.reflect.DelegatingMethodAccessorImpl.invoke(DelegatingMethodAccessorImpl.java:43)
	at java.lang.reflect.Method.invoke(Method.java:498)
	at org.apache.maven.surefire.util.ReflectionUtils.invokeMethodWithArray(ReflectionUtils.java:189)
	at org.apache.maven.surefire.booter.ProviderFactory$ProviderProxy.invoke(ProviderFactory.java:165)
	at org.apache.maven.surefire.booter.ProviderFactory.invokeProvider(ProviderFactory.java:85)
	at org.apache.maven.surefire.booter.ForkedBooter.runSuitesInProcess(ForkedBooter.java:115)
	at org.apache.maven.surefire.booter.ForkedBooter.main(ForkedBooter.java:75)
</error>
    <system-out>/** create the stocks database */ DROP DATABASE IF EXISTS stocks 
CREATE DATABASE stocks 
USE stocks 
DROP TABLE IF EXISTS quote CASCADE 
CREATE TABLE quote(    id INT NOT NULL AUTO_INCREMENT,    symbol VARCHAR(4) NOT NULL,    time DATETIME NOT NULL,    price DECIMAL NOT NULL,    PRIMARY KEY ( id ) ) 
DROP TABLE IF IT EXISTS person CASCADE 
CREATE TABLE person ( 	id INT NOT NULL AUTO_INCREMENT, 	last_name VARCHAR(256) NOT NULL, 	first_name VARCHAR(256) NOT NULL, 	PRIMARY KEY ( id ) ) 
DROP TABLE IF IT EXISTS portfolio CASCADE 
CREATE TABLE portfolio ( 	id INT NOT NULL AUTO_INCREMENT, 	person_id INT NOT NULL, 	quotes_id INT NOT NULL, 	FOREIGN KEY ( person_id ) REFERENCES person ( id ) 	FOREIGN KEY ( quotes_id ) REFERENCES quotes ( id ) 	PRIMARY KEY ( id ) ) 
INSERT INTO quotes (symbol,time,price) VALUES (&apos;GOOG&apos;,&apos;2004-08-19 00:00:01&apos;,&apos;85.00&apos;) 
INSERT INTO quotes (symbol,time,price) VALUES (&apos;GOOG&apos;,&apos;2015-02-03 00:00:01&apos;,&apos;527.35&apos;) 
INSERT INTO quotes (symbol,time,price) VALUES (&apos;APPL&apos;,&apos;2000-01-01 00:00:01&apos;,&apos;118.27&apos;) 
INSERT INTO quotes (symbol,time,price) VALUES (&apos;AMZN&apos;,&apos;2015-02-03 00:00:01&apos;,&apos;363.21&apos;) 
/** create the stocks database */ DROP DATABASE IF EXISTS stocks 
CREATE DATABASE stocks 
USE stocks 
DROP TABLE IF EXISTS quote CASCADE 
CREATE TABLE quote(    id INT NOT NULL AUTO_INCREMENT,    symbol VARCHAR(4) NOT NULL,    time DATETIME NOT NULL,    price DECIMAL NOT NULL,    PRIMARY KEY ( id ) ) 
DROP TABLE IF IT EXISTS person CASCADE 
CREATE TABLE person ( 	id INT NOT NULL AUTO_INCREMENT, 	last_name VARCHAR(256) NOT NULL, 	first_name VARCHAR(256) NOT NULL, 	PRIMARY KEY ( id ) ) 
DROP TABLE IF IT EXISTS portfolio CASCADE 
CREATE TABLE portfolio ( 	id INT NOT NULL AUTO_INCREMENT, 	person_id INT NOT NULL, 	quotes_id INT NOT NULL, 	FOREIGN KEY ( person_id ) REFERENCES person ( id ) 	FOREIGN KEY ( quotes_id ) REFERENCES quotes ( id ) 	PRIMARY KEY ( id ) ) 
INSERT INTO quotes (symbol,time,price) VALUES (&apos;GOOG&apos;,&apos;2004-08-19 00:00:01&apos;,&apos;85.00&apos;) 
INSERT INTO quotes (symbol,time,price) VALUES (&apos;GOOG&apos;,&apos;2015-02-03 00:00:01&apos;,&apos;527.35&apos;) 
INSERT INTO quotes (symbol,time,price) VALUES (&apos;APPL&apos;,&apos;2000-01-01 00:00:01&apos;,&apos;118.27&apos;) 
INSERT INTO quotes (symbol,time,price) VALUES (&apos;AMZN&apos;,&apos;2015-02-03 00:00:01&apos;,&apos;363.21&apos;) 
</system-out>
    <system-err>Fri Jul 13 17:01:25 EDT 2018 WARN: Establishing SSL connection without server&apos;s identity verification is not recommended. According to MySQL 5.5.45+, 5.6.26+ and 5.7.6+ requirements SSL connection must be established by default if explicit option isn&apos;t set. For compliance with existing applications not using SSL the verifyServerCertificate property is set to &apos;false&apos;. You need either to explicitly disable SSL by setting useSSL=false, or set useSSL=true and provide truststore for server certificate verification.
Fri Jul 13 17:01:26 EDT 2018 WARN: Establishing SSL connection without server&apos;s identity verification is not recommended. According to MySQL 5.5.45+, 5.6.26+ and 5.7.6+ requirements SSL connection must be established by default if explicit option isn&apos;t set. For compliance with existing applications not using SSL the verifyServerCertificate property is set to &apos;false&apos;. You need either to explicitly disable SSL by setting useSSL=false, or set useSSL=true and provide truststore for server certificate verification.
</system-err>
  </testcase>
  <testcase classname="com.origamisoftware.teach.advanced.services.DatabaseStockServiceTest" name="testGetQuote" time="0.475">
    <error message="SQL init script contained errors:Error executing: DROP TABLE IF IT EXISTS person CASCADE 
java.sql.SQLSyntaxErrorException: You have an error in your SQL syntax; check the manual that corresponds to your MySQL server version for the right syntax to use near &apos;IT EXISTS person CASCADE&apos; at line 1
Error executing: DROP TABLE IF IT EXISTS portfolio CASCADE 
java.sql.SQLSyntaxErrorException: You have an error in your SQL syntax; check the manual that corresponds to your MySQL server version for the right syntax to use near &apos;IT EXISTS portfolio CASCADE&apos; at line 1
Error executing: CREATE TABLE portfolio ( 	id INT NOT NULL AUTO_INCREMENT, 	person_id INT NOT NULL, 	quotes_id INT NOT NULL, 	FOREIGN KEY ( person_id ) REFERENCES person ( id ) 	FOREIGN KEY ( quotes_id ) REFERENCES quotes ( id ) 	PRIMARY KEY ( id ) ) 
java.sql.SQLSyntaxErrorException: You have an error in your SQL syntax; check the manual that corresponds to your MySQL server version for the right syntax to use near &apos;FOREIGN KEY ( quotes_id ) REFERENCES quotes ( id ) 	PRIMARY KEY ( id ) )&apos; at line 1
Error executing: INSERT INTO quotes (symbol,time,price) VALUES (&apos;GOOG&apos;,&apos;2004-08-19 00:00:01&apos;,&apos;85.00&apos;) 
java.sql.SQLSyntaxErrorException: Table &apos;stocks.quotes&apos; doesn&apos;t exist
Error executing: INSERT INTO quotes (symbol,time,price) VALUES (&apos;GOOG&apos;,&apos;2015-02-03 00:00:01&apos;,&apos;527.35&apos;) 
java.sql.SQLSyntaxErrorException: Table &apos;stocks.quotes&apos; doesn&apos;t exist
Error executing: INSERT INTO quotes (symbol,time,price) VALUES (&apos;APPL&apos;,&apos;2000-01-01 00:00:01&apos;,&apos;118.27&apos;) 
java.sql.SQLSyntaxErrorException: Table &apos;stocks.quotes&apos; doesn&apos;t exist
Error executing: INSERT INTO quotes (symbol,time,price) VALUES (&apos;AMZN&apos;,&apos;2015-02-03 00:00:01&apos;,&apos;363.21&apos;) 
java.sql.SQLSyntaxErrorException: Table &apos;stocks.quotes&apos; doesn&apos;t exist
" type="com.origamisoftware.teach.advanced.util.DatabaseInitializationException">com.origamisoftware.teach.advanced.util.DatabaseInitializationException: SQL init script contained errors:Error executing: DROP TABLE IF IT EXISTS person CASCADE 
java.sql.SQLSyntaxErrorException: You have an error in your SQL syntax; check the manual that corresponds to your MySQL server version for the right syntax to use near &apos;IT EXISTS person CASCADE&apos; at line 1
Error executing: DROP TABLE IF IT EXISTS portfolio CASCADE 
java.sql.SQLSyntaxErrorException: You have an error in your SQL syntax; check the manual that corresponds to your MySQL server version for the right syntax to use near &apos;IT EXISTS portfolio CASCADE&apos; at line 1
Error executing: CREATE TABLE portfolio ( 	id INT NOT NULL AUTO_INCREMENT, 	person_id INT NOT NULL, 	quotes_id INT NOT NULL, 	FOREIGN KEY ( person_id ) REFERENCES person ( id ) 	FOREIGN KEY ( quotes_id ) REFERENCES quotes ( id ) 	PRIMARY KEY ( id ) ) 
java.sql.SQLSyntaxErrorException: You have an error in your SQL syntax; check the manual that corresponds to your MySQL server version for the right syntax to use near &apos;FOREIGN KEY ( quotes_id ) REFERENCES quotes ( id ) 	PRIMARY KEY ( id ) )&apos; at line 1
Error executing: INSERT INTO quotes (symbol,time,price) VALUES (&apos;GOOG&apos;,&apos;2004-08-19 00:00:01&apos;,&apos;85.00&apos;) 
java.sql.SQLSyntaxErrorException: Table &apos;stocks.quotes&apos; doesn&apos;t exist
Error executing: INSERT INTO quotes (symbol,time,price) VALUES (&apos;GOOG&apos;,&apos;2015-02-03 00:00:01&apos;,&apos;527.35&apos;) 
java.sql.SQLSyntaxErrorException: Table &apos;stocks.quotes&apos; doesn&apos;t exist
Error executing: INSERT INTO quotes (symbol,time,price) VALUES (&apos;APPL&apos;,&apos;2000-01-01 00:00:01&apos;,&apos;118.27&apos;) 
java.sql.SQLSyntaxErrorException: Table &apos;stocks.quotes&apos; doesn&apos;t exist
Error executing: INSERT INTO quotes (symbol,time,price) VALUES (&apos;AMZN&apos;,&apos;2015-02-03 00:00:01&apos;,&apos;363.21&apos;) 
java.sql.SQLSyntaxErrorException: Table &apos;stocks.quotes&apos; doesn&apos;t exist

	at com.origamisoftware.teach.advanced.util.DatabaseUtils.initializeDatabase(DatabaseUtils.java:105)
	at com.origamisoftware.teach.advanced.services.DatabaseServiceTest.tearDown(DatabaseServiceTest.java:22)
	at sun.reflect.NativeMethodAccessorImpl.invoke0(Native Method)
	at sun.reflect.NativeMethodAccessorImpl.invoke(NativeMethodAccessorImpl.java:62)
	at sun.reflect.DelegatingMethodAccessorImpl.invoke(DelegatingMethodAccessorImpl.java:43)
	at java.lang.reflect.Method.invoke(Method.java:498)
	at org.junit.runners.model.FrameworkMethod$1.runReflectiveCall(FrameworkMethod.java:45)
	at org.junit.internal.runners.model.ReflectiveCallable.run(ReflectiveCallable.java:15)
	at org.junit.runners.model.FrameworkMethod.invokeExplosively(FrameworkMethod.java:42)
	at org.junit.internal.runners.statements.RunAfters.evaluate(RunAfters.java:36)
	at org.junit.runners.ParentRunner.runLeaf(ParentRunner.java:263)
	at org.junit.runners.BlockJUnit4ClassRunner.runChild(BlockJUnit4ClassRunner.java:68)
	at org.junit.runners.BlockJUnit4ClassRunner.runChild(BlockJUnit4ClassRunner.java:47)
	at org.junit.runners.ParentRunner$3.run(ParentRunner.java:231)
	at org.junit.runners.ParentRunner$1.schedule(ParentRunner.java:60)
	at org.junit.runners.ParentRunner.runChildren(ParentRunner.java:229)
	at org.junit.runners.ParentRunner.access$000(ParentRunner.java:50)
	at org.junit.runners.ParentRunner$2.evaluate(ParentRunner.java:222)
	at org.junit.runners.ParentRunner.run(ParentRunner.java:300)
	at org.apache.maven.surefire.junit4.JUnit4Provider.execute(JUnit4Provider.java:252)
	at org.apache.maven.surefire.junit4.JUnit4Provider.executeTestSet(JUnit4Provider.java:141)
	at org.apache.maven.surefire.junit4.JUnit4Provider.invoke(JUnit4Provider.java:112)
	at sun.reflect.NativeMethodAccessorImpl.invoke0(Native Method)
	at sun.reflect.NativeMethodAccessorImpl.invoke(NativeMethodAccessorImpl.java:62)
	at sun.reflect.DelegatingMethodAccessorImpl.invoke(DelegatingMethodAccessorImpl.java:43)
	at java.lang.reflect.Method.invoke(Method.java:498)
	at org.apache.maven.surefire.util.ReflectionUtils.invokeMethodWithArray(ReflectionUtils.java:189)
	at org.apache.maven.surefire.booter.ProviderFactory$ProviderProxy.invoke(ProviderFactory.java:165)
	at org.apache.maven.surefire.booter.ProviderFactory.invokeProvider(ProviderFactory.java:85)
	at org.apache.maven.surefire.booter.ForkedBooter.runSuitesInProcess(ForkedBooter.java:115)
	at org.apache.maven.surefire.booter.ForkedBooter.main(ForkedBooter.java:75)
</error>
  </testcase>
  <testcase classname="com.origamisoftware.teach.advanced.services.DatabaseStockServiceTest" name="testGetQuoteWithinRangeMinute" time="0.909">
    <error message="SQL init script contained errors:Error executing: DROP TABLE IF IT EXISTS person CASCADE 
java.sql.SQLSyntaxErrorException: You have an error in your SQL syntax; check the manual that corresponds to your MySQL server version for the right syntax to use near &apos;IT EXISTS person CASCADE&apos; at line 1
Error executing: DROP TABLE IF IT EXISTS portfolio CASCADE 
java.sql.SQLSyntaxErrorException: You have an error in your SQL syntax; check the manual that corresponds to your MySQL server version for the right syntax to use near &apos;IT EXISTS portfolio CASCADE&apos; at line 1
Error executing: CREATE TABLE portfolio ( 	id INT NOT NULL AUTO_INCREMENT, 	person_id INT NOT NULL, 	quotes_id INT NOT NULL, 	FOREIGN KEY ( person_id ) REFERENCES person ( id ) 	FOREIGN KEY ( quotes_id ) REFERENCES quotes ( id ) 	PRIMARY KEY ( id ) ) 
java.sql.SQLSyntaxErrorException: You have an error in your SQL syntax; check the manual that corresponds to your MySQL server version for the right syntax to use near &apos;FOREIGN KEY ( quotes_id ) REFERENCES quotes ( id ) 	PRIMARY KEY ( id ) )&apos; at line 1
Error executing: INSERT INTO quotes (symbol,time,price) VALUES (&apos;GOOG&apos;,&apos;2004-08-19 00:00:01&apos;,&apos;85.00&apos;) 
java.sql.SQLSyntaxErrorException: Table &apos;stocks.quotes&apos; doesn&apos;t exist
Error executing: INSERT INTO quotes (symbol,time,price) VALUES (&apos;GOOG&apos;,&apos;2015-02-03 00:00:01&apos;,&apos;527.35&apos;) 
java.sql.SQLSyntaxErrorException: Table &apos;stocks.quotes&apos; doesn&apos;t exist
Error executing: INSERT INTO quotes (symbol,time,price) VALUES (&apos;APPL&apos;,&apos;2000-01-01 00:00:01&apos;,&apos;118.27&apos;) 
java.sql.SQLSyntaxErrorException: Table &apos;stocks.quotes&apos; doesn&apos;t exist
Error executing: INSERT INTO quotes (symbol,time,price) VALUES (&apos;AMZN&apos;,&apos;2015-02-03 00:00:01&apos;,&apos;363.21&apos;) 
java.sql.SQLSyntaxErrorException: Table &apos;stocks.quotes&apos; doesn&apos;t exist
" type="com.origamisoftware.teach.advanced.util.DatabaseInitializationException">com.origamisoftware.teach.advanced.util.DatabaseInitializationException: SQL init script contained errors:Error executing: DROP TABLE IF IT EXISTS person CASCADE 
java.sql.SQLSyntaxErrorException: You have an error in your SQL syntax; check the manual that corresponds to your MySQL server version for the right syntax to use near &apos;IT EXISTS person CASCADE&apos; at line 1
Error executing: DROP TABLE IF IT EXISTS portfolio CASCADE 
java.sql.SQLSyntaxErrorException: You have an error in your SQL syntax; check the manual that corresponds to your MySQL server version for the right syntax to use near &apos;IT EXISTS portfolio CASCADE&apos; at line 1
Error executing: CREATE TABLE portfolio ( 	id INT NOT NULL AUTO_INCREMENT, 	person_id INT NOT NULL, 	quotes_id INT NOT NULL, 	FOREIGN KEY ( person_id ) REFERENCES person ( id ) 	FOREIGN KEY ( quotes_id ) REFERENCES quotes ( id ) 	PRIMARY KEY ( id ) ) 
java.sql.SQLSyntaxErrorException: You have an error in your SQL syntax; check the manual that corresponds to your MySQL server version for the right syntax to use near &apos;FOREIGN KEY ( quotes_id ) REFERENCES quotes ( id ) 	PRIMARY KEY ( id ) )&apos; at line 1
Error executing: INSERT INTO quotes (symbol,time,price) VALUES (&apos;GOOG&apos;,&apos;2004-08-19 00:00:01&apos;,&apos;85.00&apos;) 
java.sql.SQLSyntaxErrorException: Table &apos;stocks.quotes&apos; doesn&apos;t exist
Error executing: INSERT INTO quotes (symbol,time,price) VALUES (&apos;GOOG&apos;,&apos;2015-02-03 00:00:01&apos;,&apos;527.35&apos;) 
java.sql.SQLSyntaxErrorException: Table &apos;stocks.quotes&apos; doesn&apos;t exist
Error executing: INSERT INTO quotes (symbol,time,price) VALUES (&apos;APPL&apos;,&apos;2000-01-01 00:00:01&apos;,&apos;118.27&apos;) 
java.sql.SQLSyntaxErrorException: Table &apos;stocks.quotes&apos; doesn&apos;t exist
Error executing: INSERT INTO quotes (symbol,time,price) VALUES (&apos;AMZN&apos;,&apos;2015-02-03 00:00:01&apos;,&apos;363.21&apos;) 
java.sql.SQLSyntaxErrorException: Table &apos;stocks.quotes&apos; doesn&apos;t exist

	at com.origamisoftware.teach.advanced.util.DatabaseUtils.initializeDatabase(DatabaseUtils.java:105)
	at com.origamisoftware.teach.advanced.services.DatabaseServiceTest.setUp(DatabaseServiceTest.java:18)
	at com.origamisoftware.teach.advanced.services.DatabaseStockServiceTest.setUp(DatabaseStockServiceTest.java:31)
	at sun.reflect.NativeMethodAccessorImpl.invoke0(Native Method)
	at sun.reflect.NativeMethodAccessorImpl.invoke(NativeMethodAccessorImpl.java:62)
	at sun.reflect.DelegatingMethodAccessorImpl.invoke(DelegatingMethodAccessorImpl.java:43)
	at java.lang.reflect.Method.invoke(Method.java:498)
	at org.junit.runners.model.FrameworkMethod$1.runReflectiveCall(FrameworkMethod.java:45)
	at org.junit.internal.runners.model.ReflectiveCallable.run(ReflectiveCallable.java:15)
	at org.junit.runners.model.FrameworkMethod.invokeExplosively(FrameworkMethod.java:42)
	at org.junit.internal.runners.statements.RunBefores.evaluate(RunBefores.java:27)
	at org.junit.internal.runners.statements.RunAfters.evaluate(RunAfters.java:30)
	at org.junit.runners.ParentRunner.runLeaf(ParentRunner.java:263)
	at org.junit.runners.BlockJUnit4ClassRunner.runChild(BlockJUnit4ClassRunner.java:68)
	at org.junit.runners.BlockJUnit4ClassRunner.runChild(BlockJUnit4ClassRunner.java:47)
	at org.junit.runners.ParentRunner$3.run(ParentRunner.java:231)
	at org.junit.runners.ParentRunner$1.schedule(ParentRunner.java:60)
	at org.junit.runners.ParentRunner.runChildren(ParentRunner.java:229)
	at org.junit.runners.ParentRunner.access$000(ParentRunner.java:50)
	at org.junit.runners.ParentRunner$2.evaluate(ParentRunner.java:222)
	at org.junit.runners.ParentRunner.run(ParentRunner.java:300)
	at org.apache.maven.surefire.junit4.JUnit4Provider.execute(JUnit4Provider.java:252)
	at org.apache.maven.surefire.junit4.JUnit4Provider.executeTestSet(JUnit4Provider.java:141)
	at org.apache.maven.surefire.junit4.JUnit4Provider.invoke(JUnit4Provider.java:112)
	at sun.reflect.NativeMethodAccessorImpl.invoke0(Native Method)
	at sun.reflect.NativeMethodAccessorImpl.invoke(NativeMethodAccessorImpl.java:62)
	at sun.reflect.DelegatingMethodAccessorImpl.invoke(DelegatingMethodAccessorImpl.java:43)
	at java.lang.reflect.Method.invoke(Method.java:498)
	at org.apache.maven.surefire.util.ReflectionUtils.invokeMethodWithArray(ReflectionUtils.java:189)
	at org.apache.maven.surefire.booter.ProviderFactory$ProviderProxy.invoke(ProviderFactory.java:165)
	at org.apache.maven.surefire.booter.ProviderFactory.invokeProvider(ProviderFactory.java:85)
	at org.apache.maven.surefire.booter.ForkedBooter.runSuitesInProcess(ForkedBooter.java:115)
	at org.apache.maven.surefire.booter.ForkedBooter.main(ForkedBooter.java:75)
</error>
    <system-out>/** create the stocks database */ DROP DATABASE IF EXISTS stocks 
CREATE DATABASE stocks 
USE stocks 
DROP TABLE IF EXISTS quote CASCADE 
CREATE TABLE quote(    id INT NOT NULL AUTO_INCREMENT,    symbol VARCHAR(4) NOT NULL,    time DATETIME NOT NULL,    price DECIMAL NOT NULL,    PRIMARY KEY ( id ) ) 
DROP TABLE IF IT EXISTS person CASCADE 
CREATE TABLE person ( 	id INT NOT NULL AUTO_INCREMENT, 	last_name VARCHAR(256) NOT NULL, 	first_name VARCHAR(256) NOT NULL, 	PRIMARY KEY ( id ) ) 
DROP TABLE IF IT EXISTS portfolio CASCADE 
CREATE TABLE portfolio ( 	id INT NOT NULL AUTO_INCREMENT, 	person_id INT NOT NULL, 	quotes_id INT NOT NULL, 	FOREIGN KEY ( person_id ) REFERENCES person ( id ) 	FOREIGN KEY ( quotes_id ) REFERENCES quotes ( id ) 	PRIMARY KEY ( id ) ) 
INSERT INTO quotes (symbol,time,price) VALUES (&apos;GOOG&apos;,&apos;2004-08-19 00:00:01&apos;,&apos;85.00&apos;) 
INSERT INTO quotes (symbol,time,price) VALUES (&apos;GOOG&apos;,&apos;2015-02-03 00:00:01&apos;,&apos;527.35&apos;) 
INSERT INTO quotes (symbol,time,price) VALUES (&apos;APPL&apos;,&apos;2000-01-01 00:00:01&apos;,&apos;118.27&apos;) 
INSERT INTO quotes (symbol,time,price) VALUES (&apos;AMZN&apos;,&apos;2015-02-03 00:00:01&apos;,&apos;363.21&apos;) 
/** create the stocks database */ DROP DATABASE IF EXISTS stocks 
CREATE DATABASE stocks 
USE stocks 
DROP TABLE IF EXISTS quote CASCADE 
CREATE TABLE quote(    id INT NOT NULL AUTO_INCREMENT,    symbol VARCHAR(4) NOT NULL,    time DATETIME NOT NULL,    price DECIMAL NOT NULL,    PRIMARY KEY ( id ) ) 
DROP TABLE IF IT EXISTS person CASCADE 
CREATE TABLE person ( 	id INT NOT NULL AUTO_INCREMENT, 	last_name VARCHAR(256) NOT NULL, 	first_name VARCHAR(256) NOT NULL, 	PRIMARY KEY ( id ) ) 
DROP TABLE IF IT EXISTS portfolio CASCADE 
CREATE TABLE portfolio ( 	id INT NOT NULL AUTO_INCREMENT, 	person_id INT NOT NULL, 	quotes_id INT NOT NULL, 	FOREIGN KEY ( person_id ) REFERENCES person ( id ) 	FOREIGN KEY ( quotes_id ) REFERENCES quotes ( id ) 	PRIMARY KEY ( id ) ) 
INSERT INTO quotes (symbol,time,price) VALUES (&apos;GOOG&apos;,&apos;2004-08-19 00:00:01&apos;,&apos;85.00&apos;) 
INSERT INTO quotes (symbol,time,price) VALUES (&apos;GOOG&apos;,&apos;2015-02-03 00:00:01&apos;,&apos;527.35&apos;) 
INSERT INTO quotes (symbol,time,price) VALUES (&apos;APPL&apos;,&apos;2000-01-01 00:00:01&apos;,&apos;118.27&apos;) 
INSERT INTO quotes (symbol,time,price) VALUES (&apos;AMZN&apos;,&apos;2015-02-03 00:00:01&apos;,&apos;363.21&apos;) 
</system-out>
    <system-err>Fri Jul 13 17:01:26 EDT 2018 WARN: Establishing SSL connection without server&apos;s identity verification is not recommended. According to MySQL 5.5.45+, 5.6.26+ and 5.7.6+ requirements SSL connection must be established by default if explicit option isn&apos;t set. For compliance with existing applications not using SSL the verifyServerCertificate property is set to &apos;false&apos;. You need either to explicitly disable SSL by setting useSSL=false, or set useSSL=true and provide truststore for server certificate verification.
Fri Jul 13 17:01:27 EDT 2018 WARN: Establishing SSL connection without server&apos;s identity verification is not recommended. According to MySQL 5.5.45+, 5.6.26+ and 5.7.6+ requirements SSL connection must be established by default if explicit option isn&apos;t set. For compliance with existing applications not using SSL the verifyServerCertificate property is set to &apos;false&apos;. You need either to explicitly disable SSL by setting useSSL=false, or set useSSL=true and provide truststore for server certificate verification.
</system-err>
  </testcase>
  <testcase classname="com.origamisoftware.teach.advanced.services.DatabaseStockServiceTest" name="testGetQuoteWithinRangeMinute" time="0.91">
    <error message="SQL init script contained errors:Error executing: DROP TABLE IF IT EXISTS person CASCADE 
java.sql.SQLSyntaxErrorException: You have an error in your SQL syntax; check the manual that corresponds to your MySQL server version for the right syntax to use near &apos;IT EXISTS person CASCADE&apos; at line 1
Error executing: DROP TABLE IF IT EXISTS portfolio CASCADE 
java.sql.SQLSyntaxErrorException: You have an error in your SQL syntax; check the manual that corresponds to your MySQL server version for the right syntax to use near &apos;IT EXISTS portfolio CASCADE&apos; at line 1
Error executing: CREATE TABLE portfolio ( 	id INT NOT NULL AUTO_INCREMENT, 	person_id INT NOT NULL, 	quotes_id INT NOT NULL, 	FOREIGN KEY ( person_id ) REFERENCES person ( id ) 	FOREIGN KEY ( quotes_id ) REFERENCES quotes ( id ) 	PRIMARY KEY ( id ) ) 
java.sql.SQLSyntaxErrorException: You have an error in your SQL syntax; check the manual that corresponds to your MySQL server version for the right syntax to use near &apos;FOREIGN KEY ( quotes_id ) REFERENCES quotes ( id ) 	PRIMARY KEY ( id ) )&apos; at line 1
Error executing: INSERT INTO quotes (symbol,time,price) VALUES (&apos;GOOG&apos;,&apos;2004-08-19 00:00:01&apos;,&apos;85.00&apos;) 
java.sql.SQLSyntaxErrorException: Table &apos;stocks.quotes&apos; doesn&apos;t exist
Error executing: INSERT INTO quotes (symbol,time,price) VALUES (&apos;GOOG&apos;,&apos;2015-02-03 00:00:01&apos;,&apos;527.35&apos;) 
java.sql.SQLSyntaxErrorException: Table &apos;stocks.quotes&apos; doesn&apos;t exist
Error executing: INSERT INTO quotes (symbol,time,price) VALUES (&apos;APPL&apos;,&apos;2000-01-01 00:00:01&apos;,&apos;118.27&apos;) 
java.sql.SQLSyntaxErrorException: Table &apos;stocks.quotes&apos; doesn&apos;t exist
Error executing: INSERT INTO quotes (symbol,time,price) VALUES (&apos;AMZN&apos;,&apos;2015-02-03 00:00:01&apos;,&apos;363.21&apos;) 
java.sql.SQLSyntaxErrorException: Table &apos;stocks.quotes&apos; doesn&apos;t exist
" type="com.origamisoftware.teach.advanced.util.DatabaseInitializationException">com.origamisoftware.teach.advanced.util.DatabaseInitializationException: SQL init script contained errors:Error executing: DROP TABLE IF IT EXISTS person CASCADE 
java.sql.SQLSyntaxErrorException: You have an error in your SQL syntax; check the manual that corresponds to your MySQL server version for the right syntax to use near &apos;IT EXISTS person CASCADE&apos; at line 1
Error executing: DROP TABLE IF IT EXISTS portfolio CASCADE 
java.sql.SQLSyntaxErrorException: You have an error in your SQL syntax; check the manual that corresponds to your MySQL server version for the right syntax to use near &apos;IT EXISTS portfolio CASCADE&apos; at line 1
Error executing: CREATE TABLE portfolio ( 	id INT NOT NULL AUTO_INCREMENT, 	person_id INT NOT NULL, 	quotes_id INT NOT NULL, 	FOREIGN KEY ( person_id ) REFERENCES person ( id ) 	FOREIGN KEY ( quotes_id ) REFERENCES quotes ( id ) 	PRIMARY KEY ( id ) ) 
java.sql.SQLSyntaxErrorException: You have an error in your SQL syntax; check the manual that corresponds to your MySQL server version for the right syntax to use near &apos;FOREIGN KEY ( quotes_id ) REFERENCES quotes ( id ) 	PRIMARY KEY ( id ) )&apos; at line 1
Error executing: INSERT INTO quotes (symbol,time,price) VALUES (&apos;GOOG&apos;,&apos;2004-08-19 00:00:01&apos;,&apos;85.00&apos;) 
java.sql.SQLSyntaxErrorException: Table &apos;stocks.quotes&apos; doesn&apos;t exist
Error executing: INSERT INTO quotes (symbol,time,price) VALUES (&apos;GOOG&apos;,&apos;2015-02-03 00:00:01&apos;,&apos;527.35&apos;) 
java.sql.SQLSyntaxErrorException: Table &apos;stocks.quotes&apos; doesn&apos;t exist
Error executing: INSERT INTO quotes (symbol,time,price) VALUES (&apos;APPL&apos;,&apos;2000-01-01 00:00:01&apos;,&apos;118.27&apos;) 
java.sql.SQLSyntaxErrorException: Table &apos;stocks.quotes&apos; doesn&apos;t exist
Error executing: INSERT INTO quotes (symbol,time,price) VALUES (&apos;AMZN&apos;,&apos;2015-02-03 00:00:01&apos;,&apos;363.21&apos;) 
java.sql.SQLSyntaxErrorException: Table &apos;stocks.quotes&apos; doesn&apos;t exist

	at com.origamisoftware.teach.advanced.util.DatabaseUtils.initializeDatabase(DatabaseUtils.java:105)
	at com.origamisoftware.teach.advanced.services.DatabaseServiceTest.tearDown(DatabaseServiceTest.java:22)
	at sun.reflect.NativeMethodAccessorImpl.invoke0(Native Method)
	at sun.reflect.NativeMethodAccessorImpl.invoke(NativeMethodAccessorImpl.java:62)
	at sun.reflect.DelegatingMethodAccessorImpl.invoke(DelegatingMethodAccessorImpl.java:43)
	at java.lang.reflect.Method.invoke(Method.java:498)
	at org.junit.runners.model.FrameworkMethod$1.runReflectiveCall(FrameworkMethod.java:45)
	at org.junit.internal.runners.model.ReflectiveCallable.run(ReflectiveCallable.java:15)
	at org.junit.runners.model.FrameworkMethod.invokeExplosively(FrameworkMethod.java:42)
	at org.junit.internal.runners.statements.RunAfters.evaluate(RunAfters.java:36)
	at org.junit.runners.ParentRunner.runLeaf(ParentRunner.java:263)
	at org.junit.runners.BlockJUnit4ClassRunner.runChild(BlockJUnit4ClassRunner.java:68)
	at org.junit.runners.BlockJUnit4ClassRunner.runChild(BlockJUnit4ClassRunner.java:47)
	at org.junit.runners.ParentRunner$3.run(ParentRunner.java:231)
	at org.junit.runners.ParentRunner$1.schedule(ParentRunner.java:60)
	at org.junit.runners.ParentRunner.runChildren(ParentRunner.java:229)
	at org.junit.runners.ParentRunner.access$000(ParentRunner.java:50)
	at org.junit.runners.ParentRunner$2.evaluate(ParentRunner.java:222)
	at org.junit.runners.ParentRunner.run(ParentRunner.java:300)
	at org.apache.maven.surefire.junit4.JUnit4Provider.execute(JUnit4Provider.java:252)
	at org.apache.maven.surefire.junit4.JUnit4Provider.executeTestSet(JUnit4Provider.java:141)
	at org.apache.maven.surefire.junit4.JUnit4Provider.invoke(JUnit4Provider.java:112)
	at sun.reflect.NativeMethodAccessorImpl.invoke0(Native Method)
	at sun.reflect.NativeMethodAccessorImpl.invoke(NativeMethodAccessorImpl.java:62)
	at sun.reflect.DelegatingMethodAccessorImpl.invoke(DelegatingMethodAccessorImpl.java:43)
	at java.lang.reflect.Method.invoke(Method.java:498)
	at org.apache.maven.surefire.util.ReflectionUtils.invokeMethodWithArray(ReflectionUtils.java:189)
	at org.apache.maven.surefire.booter.ProviderFactory$ProviderProxy.invoke(ProviderFactory.java:165)
	at org.apache.maven.surefire.booter.ProviderFactory.invokeProvider(ProviderFactory.java:85)
	at org.apache.maven.surefire.booter.ForkedBooter.runSuitesInProcess(ForkedBooter.java:115)
	at org.apache.maven.surefire.booter.ForkedBooter.main(ForkedBooter.java:75)
</error>
  </testcase>
  <testcase classname="com.origamisoftware.teach.advanced.services.DatabaseStockServiceTest" name="testGetQuoteWithIntervalBasic" time="0.845">
    <error message="SQL init script contained errors:Error executing: DROP TABLE IF IT EXISTS person CASCADE 
java.sql.SQLSyntaxErrorException: You have an error in your SQL syntax; check the manual that corresponds to your MySQL server version for the right syntax to use near &apos;IT EXISTS person CASCADE&apos; at line 1
Error executing: DROP TABLE IF IT EXISTS portfolio CASCADE 
java.sql.SQLSyntaxErrorException: You have an error in your SQL syntax; check the manual that corresponds to your MySQL server version for the right syntax to use near &apos;IT EXISTS portfolio CASCADE&apos; at line 1
Error executing: CREATE TABLE portfolio ( 	id INT NOT NULL AUTO_INCREMENT, 	person_id INT NOT NULL, 	quotes_id INT NOT NULL, 	FOREIGN KEY ( person_id ) REFERENCES person ( id ) 	FOREIGN KEY ( quotes_id ) REFERENCES quotes ( id ) 	PRIMARY KEY ( id ) ) 
java.sql.SQLSyntaxErrorException: You have an error in your SQL syntax; check the manual that corresponds to your MySQL server version for the right syntax to use near &apos;FOREIGN KEY ( quotes_id ) REFERENCES quotes ( id ) 	PRIMARY KEY ( id ) )&apos; at line 1
Error executing: INSERT INTO quotes (symbol,time,price) VALUES (&apos;GOOG&apos;,&apos;2004-08-19 00:00:01&apos;,&apos;85.00&apos;) 
java.sql.SQLSyntaxErrorException: Table &apos;stocks.quotes&apos; doesn&apos;t exist
Error executing: INSERT INTO quotes (symbol,time,price) VALUES (&apos;GOOG&apos;,&apos;2015-02-03 00:00:01&apos;,&apos;527.35&apos;) 
java.sql.SQLSyntaxErrorException: Table &apos;stocks.quotes&apos; doesn&apos;t exist
Error executing: INSERT INTO quotes (symbol,time,price) VALUES (&apos;APPL&apos;,&apos;2000-01-01 00:00:01&apos;,&apos;118.27&apos;) 
java.sql.SQLSyntaxErrorException: Table &apos;stocks.quotes&apos; doesn&apos;t exist
Error executing: INSERT INTO quotes (symbol,time,price) VALUES (&apos;AMZN&apos;,&apos;2015-02-03 00:00:01&apos;,&apos;363.21&apos;) 
java.sql.SQLSyntaxErrorException: Table &apos;stocks.quotes&apos; doesn&apos;t exist
" type="com.origamisoftware.teach.advanced.util.DatabaseInitializationException">com.origamisoftware.teach.advanced.util.DatabaseInitializationException: SQL init script contained errors:Error executing: DROP TABLE IF IT EXISTS person CASCADE 
java.sql.SQLSyntaxErrorException: You have an error in your SQL syntax; check the manual that corresponds to your MySQL server version for the right syntax to use near &apos;IT EXISTS person CASCADE&apos; at line 1
Error executing: DROP TABLE IF IT EXISTS portfolio CASCADE 
java.sql.SQLSyntaxErrorException: You have an error in your SQL syntax; check the manual that corresponds to your MySQL server version for the right syntax to use near &apos;IT EXISTS portfolio CASCADE&apos; at line 1
Error executing: CREATE TABLE portfolio ( 	id INT NOT NULL AUTO_INCREMENT, 	person_id INT NOT NULL, 	quotes_id INT NOT NULL, 	FOREIGN KEY ( person_id ) REFERENCES person ( id ) 	FOREIGN KEY ( quotes_id ) REFERENCES quotes ( id ) 	PRIMARY KEY ( id ) ) 
java.sql.SQLSyntaxErrorException: You have an error in your SQL syntax; check the manual that corresponds to your MySQL server version for the right syntax to use near &apos;FOREIGN KEY ( quotes_id ) REFERENCES quotes ( id ) 	PRIMARY KEY ( id ) )&apos; at line 1
Error executing: INSERT INTO quotes (symbol,time,price) VALUES (&apos;GOOG&apos;,&apos;2004-08-19 00:00:01&apos;,&apos;85.00&apos;) 
java.sql.SQLSyntaxErrorException: Table &apos;stocks.quotes&apos; doesn&apos;t exist
Error executing: INSERT INTO quotes (symbol,time,price) VALUES (&apos;GOOG&apos;,&apos;2015-02-03 00:00:01&apos;,&apos;527.35&apos;) 
java.sql.SQLSyntaxErrorException: Table &apos;stocks.quotes&apos; doesn&apos;t exist
Error executing: INSERT INTO quotes (symbol,time,price) VALUES (&apos;APPL&apos;,&apos;2000-01-01 00:00:01&apos;,&apos;118.27&apos;) 
java.sql.SQLSyntaxErrorException: Table &apos;stocks.quotes&apos; doesn&apos;t exist
Error executing: INSERT INTO quotes (symbol,time,price) VALUES (&apos;AMZN&apos;,&apos;2015-02-03 00:00:01&apos;,&apos;363.21&apos;) 
java.sql.SQLSyntaxErrorException: Table &apos;stocks.quotes&apos; doesn&apos;t exist

	at com.origamisoftware.teach.advanced.util.DatabaseUtils.initializeDatabase(DatabaseUtils.java:105)
	at com.origamisoftware.teach.advanced.services.DatabaseServiceTest.setUp(DatabaseServiceTest.java:18)
	at com.origamisoftware.teach.advanced.services.DatabaseStockServiceTest.setUp(DatabaseStockServiceTest.java:31)
	at sun.reflect.NativeMethodAccessorImpl.invoke0(Native Method)
	at sun.reflect.NativeMethodAccessorImpl.invoke(NativeMethodAccessorImpl.java:62)
	at sun.reflect.DelegatingMethodAccessorImpl.invoke(DelegatingMethodAccessorImpl.java:43)
	at java.lang.reflect.Method.invoke(Method.java:498)
	at org.junit.runners.model.FrameworkMethod$1.runReflectiveCall(FrameworkMethod.java:45)
	at org.junit.internal.runners.model.ReflectiveCallable.run(ReflectiveCallable.java:15)
	at org.junit.runners.model.FrameworkMethod.invokeExplosively(FrameworkMethod.java:42)
	at org.junit.internal.runners.statements.RunBefores.evaluate(RunBefores.java:27)
	at org.junit.internal.runners.statements.RunAfters.evaluate(RunAfters.java:30)
	at org.junit.runners.ParentRunner.runLeaf(ParentRunner.java:263)
	at org.junit.runners.BlockJUnit4ClassRunner.runChild(BlockJUnit4ClassRunner.java:68)
	at org.junit.runners.BlockJUnit4ClassRunner.runChild(BlockJUnit4ClassRunner.java:47)
	at org.junit.runners.ParentRunner$3.run(ParentRunner.java:231)
	at org.junit.runners.ParentRunner$1.schedule(ParentRunner.java:60)
	at org.junit.runners.ParentRunner.runChildren(ParentRunner.java:229)
	at org.junit.runners.ParentRunner.access$000(ParentRunner.java:50)
	at org.junit.runners.ParentRunner$2.evaluate(ParentRunner.java:222)
	at org.junit.runners.ParentRunner.run(ParentRunner.java:300)
	at org.apache.maven.surefire.junit4.JUnit4Provider.execute(JUnit4Provider.java:252)
	at org.apache.maven.surefire.junit4.JUnit4Provider.executeTestSet(JUnit4Provider.java:141)
	at org.apache.maven.surefire.junit4.JUnit4Provider.invoke(JUnit4Provider.java:112)
	at sun.reflect.NativeMethodAccessorImpl.invoke0(Native Method)
	at sun.reflect.NativeMethodAccessorImpl.invoke(NativeMethodAccessorImpl.java:62)
	at sun.reflect.DelegatingMethodAccessorImpl.invoke(DelegatingMethodAccessorImpl.java:43)
	at java.lang.reflect.Method.invoke(Method.java:498)
	at org.apache.maven.surefire.util.ReflectionUtils.invokeMethodWithArray(ReflectionUtils.java:189)
	at org.apache.maven.surefire.booter.ProviderFactory$ProviderProxy.invoke(ProviderFactory.java:165)
	at org.apache.maven.surefire.booter.ProviderFactory.invokeProvider(ProviderFactory.java:85)
	at org.apache.maven.surefire.booter.ForkedBooter.runSuitesInProcess(ForkedBooter.java:115)
	at org.apache.maven.surefire.booter.ForkedBooter.main(ForkedBooter.java:75)
</error>
    <system-out>/** create the stocks database */ DROP DATABASE IF EXISTS stocks 
CREATE DATABASE stocks 
USE stocks 
DROP TABLE IF EXISTS quote CASCADE 
CREATE TABLE quote(    id INT NOT NULL AUTO_INCREMENT,    symbol VARCHAR(4) NOT NULL,    time DATETIME NOT NULL,    price DECIMAL NOT NULL,    PRIMARY KEY ( id ) ) 
DROP TABLE IF IT EXISTS person CASCADE 
CREATE TABLE person ( 	id INT NOT NULL AUTO_INCREMENT, 	last_name VARCHAR(256) NOT NULL, 	first_name VARCHAR(256) NOT NULL, 	PRIMARY KEY ( id ) ) 
DROP TABLE IF IT EXISTS portfolio CASCADE 
CREATE TABLE portfolio ( 	id INT NOT NULL AUTO_INCREMENT, 	person_id INT NOT NULL, 	quotes_id INT NOT NULL, 	FOREIGN KEY ( person_id ) REFERENCES person ( id ) 	FOREIGN KEY ( quotes_id ) REFERENCES quotes ( id ) 	PRIMARY KEY ( id ) ) 
INSERT INTO quotes (symbol,time,price) VALUES (&apos;GOOG&apos;,&apos;2004-08-19 00:00:01&apos;,&apos;85.00&apos;) 
INSERT INTO quotes (symbol,time,price) VALUES (&apos;GOOG&apos;,&apos;2015-02-03 00:00:01&apos;,&apos;527.35&apos;) 
INSERT INTO quotes (symbol,time,price) VALUES (&apos;APPL&apos;,&apos;2000-01-01 00:00:01&apos;,&apos;118.27&apos;) 
INSERT INTO quotes (symbol,time,price) VALUES (&apos;AMZN&apos;,&apos;2015-02-03 00:00:01&apos;,&apos;363.21&apos;) 
/** create the stocks database */ DROP DATABASE IF EXISTS stocks 
CREATE DATABASE stocks 
USE stocks 
DROP TABLE IF EXISTS quote CASCADE 
CREATE TABLE quote(    id INT NOT NULL AUTO_INCREMENT,    symbol VARCHAR(4) NOT NULL,    time DATETIME NOT NULL,    price DECIMAL NOT NULL,    PRIMARY KEY ( id ) ) 
DROP TABLE IF IT EXISTS person CASCADE 
CREATE TABLE person ( 	id INT NOT NULL AUTO_INCREMENT, 	last_name VARCHAR(256) NOT NULL, 	first_name VARCHAR(256) NOT NULL, 	PRIMARY KEY ( id ) ) 
DROP TABLE IF IT EXISTS portfolio CASCADE 
CREATE TABLE portfolio ( 	id INT NOT NULL AUTO_INCREMENT, 	person_id INT NOT NULL, 	quotes_id INT NOT NULL, 	FOREIGN KEY ( person_id ) REFERENCES person ( id ) 	FOREIGN KEY ( quotes_id ) REFERENCES quotes ( id ) 	PRIMARY KEY ( id ) ) 
INSERT INTO quotes (symbol,time,price) VALUES (&apos;GOOG&apos;,&apos;2004-08-19 00:00:01&apos;,&apos;85.00&apos;) 
INSERT INTO quotes (symbol,time,price) VALUES (&apos;GOOG&apos;,&apos;2015-02-03 00:00:01&apos;,&apos;527.35&apos;) 
INSERT INTO quotes (symbol,time,price) VALUES (&apos;APPL&apos;,&apos;2000-01-01 00:00:01&apos;,&apos;118.27&apos;) 
INSERT INTO quotes (symbol,time,price) VALUES (&apos;AMZN&apos;,&apos;2015-02-03 00:00:01&apos;,&apos;363.21&apos;) 
</system-out>
    <system-err>Fri Jul 13 17:01:27 EDT 2018 WARN: Establishing SSL connection without server&apos;s identity verification is not recommended. According to MySQL 5.5.45+, 5.6.26+ and 5.7.6+ requirements SSL connection must be established by default if explicit option isn&apos;t set. For compliance with existing applications not using SSL the verifyServerCertificate property is set to &apos;false&apos;. You need either to explicitly disable SSL by setting useSSL=false, or set useSSL=true and provide truststore for server certificate verification.
Fri Jul 13 17:01:28 EDT 2018 WARN: Establishing SSL connection without server&apos;s identity verification is not recommended. According to MySQL 5.5.45+, 5.6.26+ and 5.7.6+ requirements SSL connection must be established by default if explicit option isn&apos;t set. For compliance with existing applications not using SSL the verifyServerCertificate property is set to &apos;false&apos;. You need either to explicitly disable SSL by setting useSSL=false, or set useSSL=true and provide truststore for server certificate verification.
</system-err>
  </testcase>
  <testcase classname="com.origamisoftware.teach.advanced.services.DatabaseStockServiceTest" name="testGetQuoteWithIntervalBasic" time="0.845">
    <error message="SQL init script contained errors:Error executing: DROP TABLE IF IT EXISTS person CASCADE 
java.sql.SQLSyntaxErrorException: You have an error in your SQL syntax; check the manual that corresponds to your MySQL server version for the right syntax to use near &apos;IT EXISTS person CASCADE&apos; at line 1
Error executing: DROP TABLE IF IT EXISTS portfolio CASCADE 
java.sql.SQLSyntaxErrorException: You have an error in your SQL syntax; check the manual that corresponds to your MySQL server version for the right syntax to use near &apos;IT EXISTS portfolio CASCADE&apos; at line 1
Error executing: CREATE TABLE portfolio ( 	id INT NOT NULL AUTO_INCREMENT, 	person_id INT NOT NULL, 	quotes_id INT NOT NULL, 	FOREIGN KEY ( person_id ) REFERENCES person ( id ) 	FOREIGN KEY ( quotes_id ) REFERENCES quotes ( id ) 	PRIMARY KEY ( id ) ) 
java.sql.SQLSyntaxErrorException: You have an error in your SQL syntax; check the manual that corresponds to your MySQL server version for the right syntax to use near &apos;FOREIGN KEY ( quotes_id ) REFERENCES quotes ( id ) 	PRIMARY KEY ( id ) )&apos; at line 1
Error executing: INSERT INTO quotes (symbol,time,price) VALUES (&apos;GOOG&apos;,&apos;2004-08-19 00:00:01&apos;,&apos;85.00&apos;) 
java.sql.SQLSyntaxErrorException: Table &apos;stocks.quotes&apos; doesn&apos;t exist
Error executing: INSERT INTO quotes (symbol,time,price) VALUES (&apos;GOOG&apos;,&apos;2015-02-03 00:00:01&apos;,&apos;527.35&apos;) 
java.sql.SQLSyntaxErrorException: Table &apos;stocks.quotes&apos; doesn&apos;t exist
Error executing: INSERT INTO quotes (symbol,time,price) VALUES (&apos;APPL&apos;,&apos;2000-01-01 00:00:01&apos;,&apos;118.27&apos;) 
java.sql.SQLSyntaxErrorException: Table &apos;stocks.quotes&apos; doesn&apos;t exist
Error executing: INSERT INTO quotes (symbol,time,price) VALUES (&apos;AMZN&apos;,&apos;2015-02-03 00:00:01&apos;,&apos;363.21&apos;) 
java.sql.SQLSyntaxErrorException: Table &apos;stocks.quotes&apos; doesn&apos;t exist
" type="com.origamisoftware.teach.advanced.util.DatabaseInitializationException">com.origamisoftware.teach.advanced.util.DatabaseInitializationException: SQL init script contained errors:Error executing: DROP TABLE IF IT EXISTS person CASCADE 
java.sql.SQLSyntaxErrorException: You have an error in your SQL syntax; check the manual that corresponds to your MySQL server version for the right syntax to use near &apos;IT EXISTS person CASCADE&apos; at line 1
Error executing: DROP TABLE IF IT EXISTS portfolio CASCADE 
java.sql.SQLSyntaxErrorException: You have an error in your SQL syntax; check the manual that corresponds to your MySQL server version for the right syntax to use near &apos;IT EXISTS portfolio CASCADE&apos; at line 1
Error executing: CREATE TABLE portfolio ( 	id INT NOT NULL AUTO_INCREMENT, 	person_id INT NOT NULL, 	quotes_id INT NOT NULL, 	FOREIGN KEY ( person_id ) REFERENCES person ( id ) 	FOREIGN KEY ( quotes_id ) REFERENCES quotes ( id ) 	PRIMARY KEY ( id ) ) 
java.sql.SQLSyntaxErrorException: You have an error in your SQL syntax; check the manual that corresponds to your MySQL server version for the right syntax to use near &apos;FOREIGN KEY ( quotes_id ) REFERENCES quotes ( id ) 	PRIMARY KEY ( id ) )&apos; at line 1
Error executing: INSERT INTO quotes (symbol,time,price) VALUES (&apos;GOOG&apos;,&apos;2004-08-19 00:00:01&apos;,&apos;85.00&apos;) 
java.sql.SQLSyntaxErrorException: Table &apos;stocks.quotes&apos; doesn&apos;t exist
Error executing: INSERT INTO quotes (symbol,time,price) VALUES (&apos;GOOG&apos;,&apos;2015-02-03 00:00:01&apos;,&apos;527.35&apos;) 
java.sql.SQLSyntaxErrorException: Table &apos;stocks.quotes&apos; doesn&apos;t exist
Error executing: INSERT INTO quotes (symbol,time,price) VALUES (&apos;APPL&apos;,&apos;2000-01-01 00:00:01&apos;,&apos;118.27&apos;) 
java.sql.SQLSyntaxErrorException: Table &apos;stocks.quotes&apos; doesn&apos;t exist
Error executing: INSERT INTO quotes (symbol,time,price) VALUES (&apos;AMZN&apos;,&apos;2015-02-03 00:00:01&apos;,&apos;363.21&apos;) 
java.sql.SQLSyntaxErrorException: Table &apos;stocks.quotes&apos; doesn&apos;t exist

	at com.origamisoftware.teach.advanced.util.DatabaseUtils.initializeDatabase(DatabaseUtils.java:105)
	at com.origamisoftware.teach.advanced.services.DatabaseServiceTest.tearDown(DatabaseServiceTest.java:22)
	at sun.reflect.NativeMethodAccessorImpl.invoke0(Native Method)
	at sun.reflect.NativeMethodAccessorImpl.invoke(NativeMethodAccessorImpl.java:62)
	at sun.reflect.DelegatingMethodAccessorImpl.invoke(DelegatingMethodAccessorImpl.java:43)
	at java.lang.reflect.Method.invoke(Method.java:498)
	at org.junit.runners.model.FrameworkMethod$1.runReflectiveCall(FrameworkMethod.java:45)
	at org.junit.internal.runners.model.ReflectiveCallable.run(ReflectiveCallable.java:15)
	at org.junit.runners.model.FrameworkMethod.invokeExplosively(FrameworkMethod.java:42)
	at org.junit.internal.runners.statements.RunAfters.evaluate(RunAfters.java:36)
	at org.junit.runners.ParentRunner.runLeaf(ParentRunner.java:263)
	at org.junit.runners.BlockJUnit4ClassRunner.runChild(BlockJUnit4ClassRunner.java:68)
	at org.junit.runners.BlockJUnit4ClassRunner.runChild(BlockJUnit4ClassRunner.java:47)
	at org.junit.runners.ParentRunner$3.run(ParentRunner.java:231)
	at org.junit.runners.ParentRunner$1.schedule(ParentRunner.java:60)
	at org.junit.runners.ParentRunner.runChildren(ParentRunner.java:229)
	at org.junit.runners.ParentRunner.access$000(ParentRunner.java:50)
	at org.junit.runners.ParentRunner$2.evaluate(ParentRunner.java:222)
	at org.junit.runners.ParentRunner.run(ParentRunner.java:300)
	at org.apache.maven.surefire.junit4.JUnit4Provider.execute(JUnit4Provider.java:252)
	at org.apache.maven.surefire.junit4.JUnit4Provider.executeTestSet(JUnit4Provider.java:141)
	at org.apache.maven.surefire.junit4.JUnit4Provider.invoke(JUnit4Provider.java:112)
	at sun.reflect.NativeMethodAccessorImpl.invoke0(Native Method)
	at sun.reflect.NativeMethodAccessorImpl.invoke(NativeMethodAccessorImpl.java:62)
	at sun.reflect.DelegatingMethodAccessorImpl.invoke(DelegatingMethodAccessorImpl.java:43)
	at java.lang.reflect.Method.invoke(Method.java:498)
	at org.apache.maven.surefire.util.ReflectionUtils.invokeMethodWithArray(ReflectionUtils.java:189)
	at org.apache.maven.surefire.booter.ProviderFactory$ProviderProxy.invoke(ProviderFactory.java:165)
	at org.apache.maven.surefire.booter.ProviderFactory.invokeProvider(ProviderFactory.java:85)
	at org.apache.maven.surefire.booter.ForkedBooter.runSuitesInProcess(ForkedBooter.java:115)
	at org.apache.maven.surefire.booter.ForkedBooter.main(ForkedBooter.java:75)
</error>
  </testcase>
  <testcase classname="com.origamisoftware.teach.advanced.services.DatabaseStockServiceTest" name="testGetQuoteWithinRangeDay" time="0.77">
    <error message="SQL init script contained errors:Error executing: DROP TABLE IF IT EXISTS person CASCADE 
java.sql.SQLSyntaxErrorException: You have an error in your SQL syntax; check the manual that corresponds to your MySQL server version for the right syntax to use near &apos;IT EXISTS person CASCADE&apos; at line 1
Error executing: DROP TABLE IF IT EXISTS portfolio CASCADE 
java.sql.SQLSyntaxErrorException: You have an error in your SQL syntax; check the manual that corresponds to your MySQL server version for the right syntax to use near &apos;IT EXISTS portfolio CASCADE&apos; at line 1
Error executing: CREATE TABLE portfolio ( 	id INT NOT NULL AUTO_INCREMENT, 	person_id INT NOT NULL, 	quotes_id INT NOT NULL, 	FOREIGN KEY ( person_id ) REFERENCES person ( id ) 	FOREIGN KEY ( quotes_id ) REFERENCES quotes ( id ) 	PRIMARY KEY ( id ) ) 
java.sql.SQLSyntaxErrorException: You have an error in your SQL syntax; check the manual that corresponds to your MySQL server version for the right syntax to use near &apos;FOREIGN KEY ( quotes_id ) REFERENCES quotes ( id ) 	PRIMARY KEY ( id ) )&apos; at line 1
Error executing: INSERT INTO quotes (symbol,time,price) VALUES (&apos;GOOG&apos;,&apos;2004-08-19 00:00:01&apos;,&apos;85.00&apos;) 
java.sql.SQLSyntaxErrorException: Table &apos;stocks.quotes&apos; doesn&apos;t exist
Error executing: INSERT INTO quotes (symbol,time,price) VALUES (&apos;GOOG&apos;,&apos;2015-02-03 00:00:01&apos;,&apos;527.35&apos;) 
java.sql.SQLSyntaxErrorException: Table &apos;stocks.quotes&apos; doesn&apos;t exist
Error executing: INSERT INTO quotes (symbol,time,price) VALUES (&apos;APPL&apos;,&apos;2000-01-01 00:00:01&apos;,&apos;118.27&apos;) 
java.sql.SQLSyntaxErrorException: Table &apos;stocks.quotes&apos; doesn&apos;t exist
Error executing: INSERT INTO quotes (symbol,time,price) VALUES (&apos;AMZN&apos;,&apos;2015-02-03 00:00:01&apos;,&apos;363.21&apos;) 
java.sql.SQLSyntaxErrorException: Table &apos;stocks.quotes&apos; doesn&apos;t exist
" type="com.origamisoftware.teach.advanced.util.DatabaseInitializationException">com.origamisoftware.teach.advanced.util.DatabaseInitializationException: SQL init script contained errors:Error executing: DROP TABLE IF IT EXISTS person CASCADE 
java.sql.SQLSyntaxErrorException: You have an error in your SQL syntax; check the manual that corresponds to your MySQL server version for the right syntax to use near &apos;IT EXISTS person CASCADE&apos; at line 1
Error executing: DROP TABLE IF IT EXISTS portfolio CASCADE 
java.sql.SQLSyntaxErrorException: You have an error in your SQL syntax; check the manual that corresponds to your MySQL server version for the right syntax to use near &apos;IT EXISTS portfolio CASCADE&apos; at line 1
Error executing: CREATE TABLE portfolio ( 	id INT NOT NULL AUTO_INCREMENT, 	person_id INT NOT NULL, 	quotes_id INT NOT NULL, 	FOREIGN KEY ( person_id ) REFERENCES person ( id ) 	FOREIGN KEY ( quotes_id ) REFERENCES quotes ( id ) 	PRIMARY KEY ( id ) ) 
java.sql.SQLSyntaxErrorException: You have an error in your SQL syntax; check the manual that corresponds to your MySQL server version for the right syntax to use near &apos;FOREIGN KEY ( quotes_id ) REFERENCES quotes ( id ) 	PRIMARY KEY ( id ) )&apos; at line 1
Error executing: INSERT INTO quotes (symbol,time,price) VALUES (&apos;GOOG&apos;,&apos;2004-08-19 00:00:01&apos;,&apos;85.00&apos;) 
java.sql.SQLSyntaxErrorException: Table &apos;stocks.quotes&apos; doesn&apos;t exist
Error executing: INSERT INTO quotes (symbol,time,price) VALUES (&apos;GOOG&apos;,&apos;2015-02-03 00:00:01&apos;,&apos;527.35&apos;) 
java.sql.SQLSyntaxErrorException: Table &apos;stocks.quotes&apos; doesn&apos;t exist
Error executing: INSERT INTO quotes (symbol,time,price) VALUES (&apos;APPL&apos;,&apos;2000-01-01 00:00:01&apos;,&apos;118.27&apos;) 
java.sql.SQLSyntaxErrorException: Table &apos;stocks.quotes&apos; doesn&apos;t exist
Error executing: INSERT INTO quotes (symbol,time,price) VALUES (&apos;AMZN&apos;,&apos;2015-02-03 00:00:01&apos;,&apos;363.21&apos;) 
java.sql.SQLSyntaxErrorException: Table &apos;stocks.quotes&apos; doesn&apos;t exist

	at com.origamisoftware.teach.advanced.util.DatabaseUtils.initializeDatabase(DatabaseUtils.java:105)
	at com.origamisoftware.teach.advanced.services.DatabaseServiceTest.setUp(DatabaseServiceTest.java:18)
	at com.origamisoftware.teach.advanced.services.DatabaseStockServiceTest.setUp(DatabaseStockServiceTest.java:31)
	at sun.reflect.NativeMethodAccessorImpl.invoke0(Native Method)
	at sun.reflect.NativeMethodAccessorImpl.invoke(NativeMethodAccessorImpl.java:62)
	at sun.reflect.DelegatingMethodAccessorImpl.invoke(DelegatingMethodAccessorImpl.java:43)
	at java.lang.reflect.Method.invoke(Method.java:498)
	at org.junit.runners.model.FrameworkMethod$1.runReflectiveCall(FrameworkMethod.java:45)
	at org.junit.internal.runners.model.ReflectiveCallable.run(ReflectiveCallable.java:15)
	at org.junit.runners.model.FrameworkMethod.invokeExplosively(FrameworkMethod.java:42)
	at org.junit.internal.runners.statements.RunBefores.evaluate(RunBefores.java:27)
	at org.junit.internal.runners.statements.RunAfters.evaluate(RunAfters.java:30)
	at org.junit.runners.ParentRunner.runLeaf(ParentRunner.java:263)
	at org.junit.runners.BlockJUnit4ClassRunner.runChild(BlockJUnit4ClassRunner.java:68)
	at org.junit.runners.BlockJUnit4ClassRunner.runChild(BlockJUnit4ClassRunner.java:47)
	at org.junit.runners.ParentRunner$3.run(ParentRunner.java:231)
	at org.junit.runners.ParentRunner$1.schedule(ParentRunner.java:60)
	at org.junit.runners.ParentRunner.runChildren(ParentRunner.java:229)
	at org.junit.runners.ParentRunner.access$000(ParentRunner.java:50)
	at org.junit.runners.ParentRunner$2.evaluate(ParentRunner.java:222)
	at org.junit.runners.ParentRunner.run(ParentRunner.java:300)
	at org.apache.maven.surefire.junit4.JUnit4Provider.execute(JUnit4Provider.java:252)
	at org.apache.maven.surefire.junit4.JUnit4Provider.executeTestSet(JUnit4Provider.java:141)
	at org.apache.maven.surefire.junit4.JUnit4Provider.invoke(JUnit4Provider.java:112)
	at sun.reflect.NativeMethodAccessorImpl.invoke0(Native Method)
	at sun.reflect.NativeMethodAccessorImpl.invoke(NativeMethodAccessorImpl.java:62)
	at sun.reflect.DelegatingMethodAccessorImpl.invoke(DelegatingMethodAccessorImpl.java:43)
	at java.lang.reflect.Method.invoke(Method.java:498)
	at org.apache.maven.surefire.util.ReflectionUtils.invokeMethodWithArray(ReflectionUtils.java:189)
	at org.apache.maven.surefire.booter.ProviderFactory$ProviderProxy.invoke(ProviderFactory.java:165)
	at org.apache.maven.surefire.booter.ProviderFactory.invokeProvider(ProviderFactory.java:85)
	at org.apache.maven.surefire.booter.ForkedBooter.runSuitesInProcess(ForkedBooter.java:115)
	at org.apache.maven.surefire.booter.ForkedBooter.main(ForkedBooter.java:75)
</error>
    <system-out>/** create the stocks database */ DROP DATABASE IF EXISTS stocks 
CREATE DATABASE stocks 
USE stocks 
DROP TABLE IF EXISTS quote CASCADE 
CREATE TABLE quote(    id INT NOT NULL AUTO_INCREMENT,    symbol VARCHAR(4) NOT NULL,    time DATETIME NOT NULL,    price DECIMAL NOT NULL,    PRIMARY KEY ( id ) ) 
DROP TABLE IF IT EXISTS person CASCADE 
CREATE TABLE person ( 	id INT NOT NULL AUTO_INCREMENT, 	last_name VARCHAR(256) NOT NULL, 	first_name VARCHAR(256) NOT NULL, 	PRIMARY KEY ( id ) ) 
DROP TABLE IF IT EXISTS portfolio CASCADE 
CREATE TABLE portfolio ( 	id INT NOT NULL AUTO_INCREMENT, 	person_id INT NOT NULL, 	quotes_id INT NOT NULL, 	FOREIGN KEY ( person_id ) REFERENCES person ( id ) 	FOREIGN KEY ( quotes_id ) REFERENCES quotes ( id ) 	PRIMARY KEY ( id ) ) 
INSERT INTO quotes (symbol,time,price) VALUES (&apos;GOOG&apos;,&apos;2004-08-19 00:00:01&apos;,&apos;85.00&apos;) 
INSERT INTO quotes (symbol,time,price) VALUES (&apos;GOOG&apos;,&apos;2015-02-03 00:00:01&apos;,&apos;527.35&apos;) 
INSERT INTO quotes (symbol,time,price) VALUES (&apos;APPL&apos;,&apos;2000-01-01 00:00:01&apos;,&apos;118.27&apos;) 
INSERT INTO quotes (symbol,time,price) VALUES (&apos;AMZN&apos;,&apos;2015-02-03 00:00:01&apos;,&apos;363.21&apos;) 
/** create the stocks database */ DROP DATABASE IF EXISTS stocks 
CREATE DATABASE stocks 
USE stocks 
DROP TABLE IF EXISTS quote CASCADE 
CREATE TABLE quote(    id INT NOT NULL AUTO_INCREMENT,    symbol VARCHAR(4) NOT NULL,    time DATETIME NOT NULL,    price DECIMAL NOT NULL,    PRIMARY KEY ( id ) ) 
DROP TABLE IF IT EXISTS person CASCADE 
CREATE TABLE person ( 	id INT NOT NULL AUTO_INCREMENT, 	last_name VARCHAR(256) NOT NULL, 	first_name VARCHAR(256) NOT NULL, 	PRIMARY KEY ( id ) ) 
DROP TABLE IF IT EXISTS portfolio CASCADE 
CREATE TABLE portfolio ( 	id INT NOT NULL AUTO_INCREMENT, 	person_id INT NOT NULL, 	quotes_id INT NOT NULL, 	FOREIGN KEY ( person_id ) REFERENCES person ( id ) 	FOREIGN KEY ( quotes_id ) REFERENCES quotes ( id ) 	PRIMARY KEY ( id ) ) 
INSERT INTO quotes (symbol,time,price) VALUES (&apos;GOOG&apos;,&apos;2004-08-19 00:00:01&apos;,&apos;85.00&apos;) 
INSERT INTO quotes (symbol,time,price) VALUES (&apos;GOOG&apos;,&apos;2015-02-03 00:00:01&apos;,&apos;527.35&apos;) 
INSERT INTO quotes (symbol,time,price) VALUES (&apos;APPL&apos;,&apos;2000-01-01 00:00:01&apos;,&apos;118.27&apos;) 
INSERT INTO quotes (symbol,time,price) VALUES (&apos;AMZN&apos;,&apos;2015-02-03 00:00:01&apos;,&apos;363.21&apos;) 
</system-out>
    <system-err>Fri Jul 13 17:01:28 EDT 2018 WARN: Establishing SSL connection without server&apos;s identity verification is not recommended. According to MySQL 5.5.45+, 5.6.26+ and 5.7.6+ requirements SSL connection must be established by default if explicit option isn&apos;t set. For compliance with existing applications not using SSL the verifyServerCertificate property is set to &apos;false&apos;. You need either to explicitly disable SSL by setting useSSL=false, or set useSSL=true and provide truststore for server certificate verification.
Fri Jul 13 17:01:28 EDT 2018 WARN: Establishing SSL connection without server&apos;s identity verification is not recommended. According to MySQL 5.5.45+, 5.6.26+ and 5.7.6+ requirements SSL connection must be established by default if explicit option isn&apos;t set. For compliance with existing applications not using SSL the verifyServerCertificate property is set to &apos;false&apos;. You need either to explicitly disable SSL by setting useSSL=false, or set useSSL=true and provide truststore for server certificate verification.
</system-err>
  </testcase>
  <testcase classname="com.origamisoftware.teach.advanced.services.DatabaseStockServiceTest" name="testGetQuoteWithinRangeDay" time="0.771">
    <error message="SQL init script contained errors:Error executing: DROP TABLE IF IT EXISTS person CASCADE 
java.sql.SQLSyntaxErrorException: You have an error in your SQL syntax; check the manual that corresponds to your MySQL server version for the right syntax to use near &apos;IT EXISTS person CASCADE&apos; at line 1
Error executing: DROP TABLE IF IT EXISTS portfolio CASCADE 
java.sql.SQLSyntaxErrorException: You have an error in your SQL syntax; check the manual that corresponds to your MySQL server version for the right syntax to use near &apos;IT EXISTS portfolio CASCADE&apos; at line 1
Error executing: CREATE TABLE portfolio ( 	id INT NOT NULL AUTO_INCREMENT, 	person_id INT NOT NULL, 	quotes_id INT NOT NULL, 	FOREIGN KEY ( person_id ) REFERENCES person ( id ) 	FOREIGN KEY ( quotes_id ) REFERENCES quotes ( id ) 	PRIMARY KEY ( id ) ) 
java.sql.SQLSyntaxErrorException: You have an error in your SQL syntax; check the manual that corresponds to your MySQL server version for the right syntax to use near &apos;FOREIGN KEY ( quotes_id ) REFERENCES quotes ( id ) 	PRIMARY KEY ( id ) )&apos; at line 1
Error executing: INSERT INTO quotes (symbol,time,price) VALUES (&apos;GOOG&apos;,&apos;2004-08-19 00:00:01&apos;,&apos;85.00&apos;) 
java.sql.SQLSyntaxErrorException: Table &apos;stocks.quotes&apos; doesn&apos;t exist
Error executing: INSERT INTO quotes (symbol,time,price) VALUES (&apos;GOOG&apos;,&apos;2015-02-03 00:00:01&apos;,&apos;527.35&apos;) 
java.sql.SQLSyntaxErrorException: Table &apos;stocks.quotes&apos; doesn&apos;t exist
Error executing: INSERT INTO quotes (symbol,time,price) VALUES (&apos;APPL&apos;,&apos;2000-01-01 00:00:01&apos;,&apos;118.27&apos;) 
java.sql.SQLSyntaxErrorException: Table &apos;stocks.quotes&apos; doesn&apos;t exist
Error executing: INSERT INTO quotes (symbol,time,price) VALUES (&apos;AMZN&apos;,&apos;2015-02-03 00:00:01&apos;,&apos;363.21&apos;) 
java.sql.SQLSyntaxErrorException: Table &apos;stocks.quotes&apos; doesn&apos;t exist
" type="com.origamisoftware.teach.advanced.util.DatabaseInitializationException">com.origamisoftware.teach.advanced.util.DatabaseInitializationException: SQL init script contained errors:Error executing: DROP TABLE IF IT EXISTS person CASCADE 
java.sql.SQLSyntaxErrorException: You have an error in your SQL syntax; check the manual that corresponds to your MySQL server version for the right syntax to use near &apos;IT EXISTS person CASCADE&apos; at line 1
Error executing: DROP TABLE IF IT EXISTS portfolio CASCADE 
java.sql.SQLSyntaxErrorException: You have an error in your SQL syntax; check the manual that corresponds to your MySQL server version for the right syntax to use near &apos;IT EXISTS portfolio CASCADE&apos; at line 1
Error executing: CREATE TABLE portfolio ( 	id INT NOT NULL AUTO_INCREMENT, 	person_id INT NOT NULL, 	quotes_id INT NOT NULL, 	FOREIGN KEY ( person_id ) REFERENCES person ( id ) 	FOREIGN KEY ( quotes_id ) REFERENCES quotes ( id ) 	PRIMARY KEY ( id ) ) 
java.sql.SQLSyntaxErrorException: You have an error in your SQL syntax; check the manual that corresponds to your MySQL server version for the right syntax to use near &apos;FOREIGN KEY ( quotes_id ) REFERENCES quotes ( id ) 	PRIMARY KEY ( id ) )&apos; at line 1
Error executing: INSERT INTO quotes (symbol,time,price) VALUES (&apos;GOOG&apos;,&apos;2004-08-19 00:00:01&apos;,&apos;85.00&apos;) 
java.sql.SQLSyntaxErrorException: Table &apos;stocks.quotes&apos; doesn&apos;t exist
Error executing: INSERT INTO quotes (symbol,time,price) VALUES (&apos;GOOG&apos;,&apos;2015-02-03 00:00:01&apos;,&apos;527.35&apos;) 
java.sql.SQLSyntaxErrorException: Table &apos;stocks.quotes&apos; doesn&apos;t exist
Error executing: INSERT INTO quotes (symbol,time,price) VALUES (&apos;APPL&apos;,&apos;2000-01-01 00:00:01&apos;,&apos;118.27&apos;) 
java.sql.SQLSyntaxErrorException: Table &apos;stocks.quotes&apos; doesn&apos;t exist
Error executing: INSERT INTO quotes (symbol,time,price) VALUES (&apos;AMZN&apos;,&apos;2015-02-03 00:00:01&apos;,&apos;363.21&apos;) 
java.sql.SQLSyntaxErrorException: Table &apos;stocks.quotes&apos; doesn&apos;t exist

	at com.origamisoftware.teach.advanced.util.DatabaseUtils.initializeDatabase(DatabaseUtils.java:105)
	at com.origamisoftware.teach.advanced.services.DatabaseServiceTest.tearDown(DatabaseServiceTest.java:22)
	at sun.reflect.NativeMethodAccessorImpl.invoke0(Native Method)
	at sun.reflect.NativeMethodAccessorImpl.invoke(NativeMethodAccessorImpl.java:62)
	at sun.reflect.DelegatingMethodAccessorImpl.invoke(DelegatingMethodAccessorImpl.java:43)
	at java.lang.reflect.Method.invoke(Method.java:498)
	at org.junit.runners.model.FrameworkMethod$1.runReflectiveCall(FrameworkMethod.java:45)
	at org.junit.internal.runners.model.ReflectiveCallable.run(ReflectiveCallable.java:15)
	at org.junit.runners.model.FrameworkMethod.invokeExplosively(FrameworkMethod.java:42)
	at org.junit.internal.runners.statements.RunAfters.evaluate(RunAfters.java:36)
	at org.junit.runners.ParentRunner.runLeaf(ParentRunner.java:263)
	at org.junit.runners.BlockJUnit4ClassRunner.runChild(BlockJUnit4ClassRunner.java:68)
	at org.junit.runners.BlockJUnit4ClassRunner.runChild(BlockJUnit4ClassRunner.java:47)
	at org.junit.runners.ParentRunner$3.run(ParentRunner.java:231)
	at org.junit.runners.ParentRunner$1.schedule(ParentRunner.java:60)
	at org.junit.runners.ParentRunner.runChildren(ParentRunner.java:229)
	at org.junit.runners.ParentRunner.access$000(ParentRunner.java:50)
	at org.junit.runners.ParentRunner$2.evaluate(ParentRunner.java:222)
	at org.junit.runners.ParentRunner.run(ParentRunner.java:300)
	at org.apache.maven.surefire.junit4.JUnit4Provider.execute(JUnit4Provider.java:252)
	at org.apache.maven.surefire.junit4.JUnit4Provider.executeTestSet(JUnit4Provider.java:141)
	at org.apache.maven.surefire.junit4.JUnit4Provider.invoke(JUnit4Provider.java:112)
	at sun.reflect.NativeMethodAccessorImpl.invoke0(Native Method)
	at sun.reflect.NativeMethodAccessorImpl.invoke(NativeMethodAccessorImpl.java:62)
	at sun.reflect.DelegatingMethodAccessorImpl.invoke(DelegatingMethodAccessorImpl.java:43)
	at java.lang.reflect.Method.invoke(Method.java:498)
	at org.apache.maven.surefire.util.ReflectionUtils.invokeMethodWithArray(ReflectionUtils.java:189)
	at org.apache.maven.surefire.booter.ProviderFactory$ProviderProxy.invoke(ProviderFactory.java:165)
	at org.apache.maven.surefire.booter.ProviderFactory.invokeProvider(ProviderFactory.java:85)
	at org.apache.maven.surefire.booter.ForkedBooter.runSuitesInProcess(ForkedBooter.java:115)
	at org.apache.maven.surefire.booter.ForkedBooter.main(ForkedBooter.java:75)
</error>
  </testcase>
</testsuite>